[DEBUG] 24-05-2021 19:19:54 [class: Business.Employees.ShiftPKG.ShiftController,Line:25] - finished constructor shiftController
[DEBUG] 24-05-2021 19:19:58 [class: Business.ApplicationFacade.RegularRoleController,Line:202] - enter create branch function
[DEBUG] 24-05-2021 19:19:58 [class: Business.ApplicationFacade.RegularRoleController,Line:203] - creating instance of the personnel manager in this new branch
[DEBUG] 24-05-2021 19:19:58 [class: Business.ApplicationFacade.RegularRoleController,Line:208] - successfully created branch
[DEBUG] 24-05-2021 19:19:58 [class: Business.ApplicationFacade.RegularRoleController,Line:202] - enter create branch function
[DEBUG] 24-05-2021 19:19:58 [class: Business.ApplicationFacade.RegularRoleController,Line:203] - creating instance of the personnel manager in this new branch
[DEBUG] 24-05-2021 19:19:58 [class: Business.ApplicationFacade.RegularRoleController,Line:208] - successfully created branch
[DEBUG] 24-05-2021 19:19:58 [class: Business.ApplicationFacade.RegularRoleController,Line:202] - enter create branch function
[DEBUG] 24-05-2021 19:19:58 [class: Business.ApplicationFacade.RegularRoleController,Line:203] - creating instance of the personnel manager in this new branch
[DEBUG] 24-05-2021 19:19:58 [class: Business.ApplicationFacade.RegularRoleController,Line:208] - successfully created branch
[DEBUG] 24-05-2021 19:19:58 [class: Business.ApplicationFacade.RegularRoleController,Line:168] - loading data of branch id: 1
[DEBUG] 24-05-2021 19:19:58 [class: Business.ApplicationFacade.RegularRoleController,Line:46] - entered login function with user id: 1
[DEBUG] 24-05-2021 19:19:58 [class: Business.ApplicationFacade.RegularRoleController,Line:48] - successfully logged in - user fields are updated to +1
[DEBUG] 24-05-2021 19:19:58 [class: Business.ApplicationFacade.ManagerRoleController,Line:51] - enter add employee function
[DEBUG] 24-05-2021 19:19:58 [class: Business.ApplicationFacade.ManagerRoleController,Line:59] - successfully added new employee EID: 6 to system
[DEBUG] 24-05-2021 19:19:58 [class: Business.ApplicationFacade.ManagerRoleController,Line:51] - enter add employee function
[DEBUG] 24-05-2021 19:19:58 [class: Business.ApplicationFacade.ManagerRoleController,Line:59] - successfully added new employee EID: 7 to system
[DEBUG] 24-05-2021 19:19:58 [class: Business.ApplicationFacade.ManagerRoleController,Line:51] - enter add employee function
[DEBUG] 24-05-2021 19:19:58 [class: Business.ApplicationFacade.ManagerRoleController,Line:59] - successfully added new employee EID: 8 to system
[DEBUG] 24-05-2021 19:19:58 [class: Business.ApplicationFacade.ManagerRoleController,Line:51] - enter add employee function
[DEBUG] 24-05-2021 19:19:58 [class: Business.ApplicationFacade.ManagerRoleController,Line:59] - successfully added new employee EID: 9 to system
[DEBUG] 24-05-2021 19:19:58 [class: Business.ApplicationFacade.ManagerRoleController,Line:51] - enter add employee function
[DEBUG] 24-05-2021 19:19:58 [class: Business.ApplicationFacade.ManagerRoleController,Line:59] - successfully added new employee EID: 10 to system
[DEBUG] 24-05-2021 19:19:58 [class: Business.ApplicationFacade.ManagerRoleController,Line:51] - enter add employee function
[DEBUG] 24-05-2021 19:19:58 [class: Business.ApplicationFacade.ManagerRoleController,Line:59] - successfully added new employee EID: 11 to system
[DEBUG] 24-05-2021 19:19:58 [class: Business.ApplicationFacade.ManagerRoleController,Line:51] - enter add employee function
[DEBUG] 24-05-2021 19:19:58 [class: Business.ApplicationFacade.ManagerRoleController,Line:59] - successfully added new employee EID: 12 to system
[DEBUG] 24-05-2021 19:19:58 [class: Business.ApplicationFacade.ManagerRoleController,Line:237] - entered default shifts function
[DEBUG] 24-05-2021 19:19:58 [class: Business.ApplicationFacade.ManagerRoleController,Line:239] - parsing strings to enum types of map
[DEBUG] 24-05-2021 19:19:58 [class: Business.Employees.ShiftPKG.ShiftController,Line:53] - default shifts defined
[DEBUG] 24-05-2021 19:19:58 [class: Business.ApplicationFacade.RegularRoleController,Line:57] - enter logout function when current connected id is: 1
[DEBUG] 24-05-2021 19:19:58 [class: Business.ApplicationFacade.RegularRoleController,Line:59] - successfully logged out - user fields are updated to -1 and null role
[DEBUG] 24-05-2021 19:19:58 [class: Business.ApplicationFacade.RegularRoleController,Line:168] - loading data of branch id: 2
[DEBUG] 24-05-2021 19:19:58 [class: Business.ApplicationFacade.RegularRoleController,Line:46] - entered login function with user id: 2
[DEBUG] 24-05-2021 19:19:58 [class: Business.ApplicationFacade.RegularRoleController,Line:48] - successfully logged in - user fields are updated to +2
[DEBUG] 24-05-2021 19:19:58 [class: Business.ApplicationFacade.ManagerRoleController,Line:51] - enter add employee function
[DEBUG] 24-05-2021 19:19:58 [class: Business.ApplicationFacade.ManagerRoleController,Line:59] - successfully added new employee EID: 13 to system
[DEBUG] 24-05-2021 19:19:58 [class: Business.ApplicationFacade.ManagerRoleController,Line:51] - enter add employee function
[DEBUG] 24-05-2021 19:19:58 [class: Business.ApplicationFacade.ManagerRoleController,Line:59] - successfully added new employee EID: 14 to system
[DEBUG] 24-05-2021 19:19:58 [class: Business.ApplicationFacade.ManagerRoleController,Line:51] - enter add employee function
[DEBUG] 24-05-2021 19:19:58 [class: Business.ApplicationFacade.ManagerRoleController,Line:59] - successfully added new employee EID: 15 to system
[DEBUG] 24-05-2021 19:19:58 [class: Business.ApplicationFacade.ManagerRoleController,Line:51] - enter add employee function
[DEBUG] 24-05-2021 19:19:58 [class: Business.ApplicationFacade.ManagerRoleController,Line:59] - successfully added new employee EID: 16 to system
[DEBUG] 24-05-2021 19:19:58 [class: Business.ApplicationFacade.ManagerRoleController,Line:51] - enter add employee function
[DEBUG] 24-05-2021 19:19:58 [class: Business.ApplicationFacade.ManagerRoleController,Line:59] - successfully added new employee EID: 17 to system
[DEBUG] 24-05-2021 19:19:58 [class: Business.ApplicationFacade.ManagerRoleController,Line:51] - enter add employee function
[DEBUG] 24-05-2021 19:19:58 [class: Business.ApplicationFacade.ManagerRoleController,Line:59] - successfully added new employee EID: 18 to system
[DEBUG] 24-05-2021 19:19:58 [class: Business.ApplicationFacade.ManagerRoleController,Line:51] - enter add employee function
[DEBUG] 24-05-2021 19:19:58 [class: Business.ApplicationFacade.ManagerRoleController,Line:59] - successfully added new employee EID: 19 to system
[DEBUG] 24-05-2021 19:19:58 [class: Business.ApplicationFacade.ManagerRoleController,Line:237] - entered default shifts function
[DEBUG] 24-05-2021 19:19:58 [class: Business.ApplicationFacade.ManagerRoleController,Line:239] - parsing strings to enum types of map
[DEBUG] 24-05-2021 19:19:58 [class: Business.Employees.ShiftPKG.ShiftController,Line:53] - default shifts defined
[DEBUG] 24-05-2021 19:19:58 [class: Business.ApplicationFacade.RegularRoleController,Line:57] - enter logout function when current connected id is: 2
[DEBUG] 24-05-2021 19:19:58 [class: Business.ApplicationFacade.RegularRoleController,Line:59] - successfully logged out - user fields are updated to -1 and null role
[DEBUG] 24-05-2021 19:19:58 [class: Business.ApplicationFacade.RegularRoleController,Line:168] - loading data of branch id: 3
[DEBUG] 24-05-2021 19:19:58 [class: Business.ApplicationFacade.RegularRoleController,Line:46] - entered login function with user id: 3
[DEBUG] 24-05-2021 19:19:58 [class: Business.ApplicationFacade.RegularRoleController,Line:48] - successfully logged in - user fields are updated to +3
[DEBUG] 24-05-2021 19:19:58 [class: Business.ApplicationFacade.ManagerRoleController,Line:51] - enter add employee function
[DEBUG] 24-05-2021 19:19:58 [class: Business.ApplicationFacade.ManagerRoleController,Line:59] - successfully added new employee EID: 20 to system
[DEBUG] 24-05-2021 19:19:58 [class: Business.ApplicationFacade.ManagerRoleController,Line:51] - enter add employee function
[DEBUG] 24-05-2021 19:19:58 [class: Business.ApplicationFacade.ManagerRoleController,Line:59] - successfully added new employee EID: 21 to system
[DEBUG] 24-05-2021 19:19:58 [class: Business.ApplicationFacade.ManagerRoleController,Line:51] - enter add employee function
[DEBUG] 24-05-2021 19:19:58 [class: Business.ApplicationFacade.ManagerRoleController,Line:59] - successfully added new employee EID: 22 to system
[DEBUG] 24-05-2021 19:19:58 [class: Business.ApplicationFacade.ManagerRoleController,Line:51] - enter add employee function
[DEBUG] 24-05-2021 19:19:58 [class: Business.ApplicationFacade.ManagerRoleController,Line:59] - successfully added new employee EID: 23 to system
[DEBUG] 24-05-2021 19:19:58 [class: Business.ApplicationFacade.ManagerRoleController,Line:51] - enter add employee function
[DEBUG] 24-05-2021 19:19:58 [class: Business.ApplicationFacade.ManagerRoleController,Line:59] - successfully added new employee EID: 24 to system
[DEBUG] 24-05-2021 19:19:58 [class: Business.ApplicationFacade.ManagerRoleController,Line:51] - enter add employee function
[DEBUG] 24-05-2021 19:19:58 [class: Business.ApplicationFacade.ManagerRoleController,Line:59] - successfully added new employee EID: 25 to system
[DEBUG] 24-05-2021 19:19:58 [class: Business.ApplicationFacade.ManagerRoleController,Line:51] - enter add employee function
[DEBUG] 24-05-2021 19:19:58 [class: Business.ApplicationFacade.ManagerRoleController,Line:59] - successfully added new employee EID: 26 to system
[DEBUG] 24-05-2021 19:19:58 [class: Business.ApplicationFacade.ManagerRoleController,Line:237] - entered default shifts function
[DEBUG] 24-05-2021 19:19:58 [class: Business.ApplicationFacade.ManagerRoleController,Line:239] - parsing strings to enum types of map
[DEBUG] 24-05-2021 19:19:58 [class: Business.Employees.ShiftPKG.ShiftController,Line:53] - default shifts defined
[DEBUG] 24-05-2021 19:19:58 [class: Business.ApplicationFacade.RegularRoleController,Line:57] - enter logout function when current connected id is: 3
[DEBUG] 24-05-2021 19:19:58 [class: Business.ApplicationFacade.RegularRoleController,Line:59] - successfully logged out - user fields are updated to -1 and null role
[DEBUG] 24-05-2021 19:19:58 [class: Business.ApplicationFacade.RegularRoleController,Line:168] - loading data of branch id: 1
[DEBUG] 24-05-2021 19:19:58 [class: Business.ApplicationFacade.RegularRoleController,Line:46] - entered login function with user id: 6
[DEBUG] 24-05-2021 19:19:58 [class: Business.ApplicationFacade.RegularRoleController,Line:48] - successfully logged in - user fields are updated to +6
[DEBUG] 24-05-2021 19:19:58 [class: Business.ApplicationFacade.RegularRoleController,Line:71] - enter add const constraint function
[DEBUG] 24-05-2021 19:19:58 [class: Business.Employees.ShiftPKG.ConstConstraint,Line:20] - Const constraint 1 created
[DEBUG] 24-05-2021 19:19:58 [class: Business.Employees.ShiftPKG.ShiftController,Line:35] - added new const constraint for EID: 6, Day: SUNDAY , ShiftType: Night
[DEBUG] 24-05-2021 19:19:58 [class: Business.ApplicationFacade.RegularRoleController,Line:73] - successfully added const constraint
[DEBUG] 24-05-2021 19:19:58 [class: Business.ApplicationFacade.RegularRoleController,Line:57] - enter logout function when current connected id is: 6
[DEBUG] 24-05-2021 19:19:58 [class: Business.ApplicationFacade.RegularRoleController,Line:59] - successfully logged out - user fields are updated to -1 and null role
[DEBUG] 24-05-2021 19:19:58 [class: Business.ApplicationFacade.RegularRoleController,Line:46] - entered login function with user id: 1
[DEBUG] 24-05-2021 19:19:58 [class: Business.ApplicationFacade.RegularRoleController,Line:48] - successfully logged in - user fields are updated to +1
[DEBUG] 24-05-2021 19:19:58 [class: Business.ApplicationFacade.RegularRoleController,Line:168] - loading data of branch id: 1
[DEBUG] 24-05-2021 19:19:58 [class: Business.ApplicationFacade.ManagerRoleController,Line:258] - entered create week shift function
[DEBUG] 24-05-2021 19:19:58 [class: Business.Employees.ShiftPKG.ShiftController,Line:287] - EID: 6 remove from optionals
[DEBUG] 24-05-2021 19:19:58 [class: Business.Employees.ShiftPKG.Shift,Line:41] - shift: 1 created
[DEBUG] 24-05-2021 19:19:58 [class: Business.Employees.ShiftPKG.TempConstraint,Line:17] - Temp constraint 2 created
[DEBUG] 24-05-2021 19:19:58 [class: Business.Employees.ShiftPKG.ShiftController,Line:287] - EID: 11 remove from optionals
[DEBUG] 24-05-2021 19:19:58 [class: Business.Employees.ShiftPKG.Shift,Line:41] - shift: 2 created
[DEBUG] 24-05-2021 19:19:58 [class: Business.Employees.ShiftPKG.Shift,Line:153] - EID: 12 remove from optionals
[DEBUG] 24-05-2021 19:19:58 [class: Business.Employees.ShiftPKG.TempConstraint,Line:17] - Temp constraint 3 created
[DEBUG] 24-05-2021 19:19:58 [class: Business.Employees.ShiftPKG.Shift,Line:41] - shift: 3 created
[DEBUG] 24-05-2021 19:19:58 [class: Business.Employees.ShiftPKG.TempConstraint,Line:17] - Temp constraint 4 created
[DEBUG] 24-05-2021 19:19:58 [class: Business.Employees.ShiftPKG.ShiftController,Line:287] - EID: 11 remove from optionals
[DEBUG] 24-05-2021 19:19:58 [class: Business.Employees.ShiftPKG.Shift,Line:41] - shift: 4 created
[DEBUG] 24-05-2021 19:19:58 [class: Business.Employees.ShiftPKG.Shift,Line:153] - EID: 12 remove from optionals
[DEBUG] 24-05-2021 19:19:58 [class: Business.Employees.ShiftPKG.TempConstraint,Line:17] - Temp constraint 5 created
[DEBUG] 24-05-2021 19:19:58 [class: Business.Employees.ShiftPKG.Shift,Line:41] - shift: 5 created
[DEBUG] 24-05-2021 19:19:58 [class: Business.Employees.ShiftPKG.TempConstraint,Line:17] - Temp constraint 6 created
[DEBUG] 24-05-2021 19:19:58 [class: Business.Employees.ShiftPKG.ShiftController,Line:287] - EID: 11 remove from optionals
[DEBUG] 24-05-2021 19:19:58 [class: Business.Employees.ShiftPKG.Shift,Line:41] - shift: 6 created
[DEBUG] 24-05-2021 19:19:58 [class: Business.Employees.ShiftPKG.Shift,Line:153] - EID: 12 remove from optionals
[DEBUG] 24-05-2021 19:19:58 [class: Business.Employees.ShiftPKG.TempConstraint,Line:17] - Temp constraint 7 created
[DEBUG] 24-05-2021 19:19:58 [class: Business.Employees.ShiftPKG.Shift,Line:41] - shift: 7 created
[DEBUG] 24-05-2021 19:19:58 [class: Business.Employees.ShiftPKG.TempConstraint,Line:17] - Temp constraint 8 created
[DEBUG] 24-05-2021 19:19:58 [class: Business.Employees.ShiftPKG.ShiftController,Line:287] - EID: 11 remove from optionals
[DEBUG] 24-05-2021 19:19:58 [class: Business.Employees.ShiftPKG.Shift,Line:41] - shift: 8 created
[DEBUG] 24-05-2021 19:19:58 [class: Business.Employees.ShiftPKG.Shift,Line:153] - EID: 12 remove from optionals
[DEBUG] 24-05-2021 19:19:58 [class: Business.Employees.ShiftPKG.TempConstraint,Line:17] - Temp constraint 9 created
[DEBUG] 24-05-2021 19:19:59 [class: Business.Employees.ShiftPKG.Shift,Line:41] - shift: 9 created
[DEBUG] 24-05-2021 19:19:59 [class: Business.Employees.ShiftPKG.TempConstraint,Line:17] - Temp constraint 10 created
[DEBUG] 24-05-2021 19:19:59 [class: Business.Employees.ShiftPKG.ShiftController,Line:287] - EID: 11 remove from optionals
[DEBUG] 24-05-2021 19:19:59 [class: Business.Employees.ShiftPKG.Shift,Line:41] - shift: 10 created
[DEBUG] 24-05-2021 19:19:59 [class: Business.Employees.ShiftPKG.Shift,Line:153] - EID: 12 remove from optionals
[DEBUG] 24-05-2021 19:19:59 [class: Business.Employees.ShiftPKG.TempConstraint,Line:17] - Temp constraint 11 created
[DEBUG] 24-05-2021 19:19:59 [class: Business.Employees.ShiftPKG.Shift,Line:41] - shift: 11 created
[DEBUG] 24-05-2021 19:19:59 [class: Business.Employees.ShiftPKG.TempConstraint,Line:17] - Temp constraint 12 created
[DEBUG] 24-05-2021 19:19:59 [class: Business.ApplicationFacade.Utils,Line:84] - converting shift of business layer to out objects list
[DEBUG] 24-05-2021 19:19:59 [class: Business.ApplicationFacade.Utils,Line:101] - Done.
[DEBUG] 24-05-2021 19:19:59 [class: Business.ApplicationFacade.RegularRoleController,Line:57] - enter logout function when current connected id is: 1
[DEBUG] 24-05-2021 19:19:59 [class: Business.ApplicationFacade.RegularRoleController,Line:59] - successfully logged out - user fields are updated to -1 and null role
[DEBUG] 24-05-2021 19:19:59 [class: Business.ApplicationFacade.ManagerRoleController,Line:51] - enter add employee function
[DEBUG] 24-05-2021 19:19:59 [class: Business.ApplicationFacade.ManagerRoleController,Line:51] - enter add employee function
[DEBUG] 24-05-2021 19:20:04 [class: Business.ApplicationFacade.RegularRoleController,Line:168] - loading data of branch id: 1
[DEBUG] 24-05-2021 19:20:06 [class: Business.ApplicationFacade.RegularRoleController,Line:46] - entered login function with user id: 1
[DEBUG] 24-05-2021 19:20:06 [class: Business.ApplicationFacade.RegularRoleController,Line:48] - successfully logged in - user fields are updated to +1
[DEBUG] 27-05-2021 19:05:50 [class: Business.Employees.ShiftPKG.ShiftController,Line:25] - finished constructor shiftController
[DEBUG] 27-05-2021 19:05:52 [class: Business.ApplicationFacade.RegularRoleController,Line:202] - enter create branch function
[DEBUG] 27-05-2021 19:05:52 [class: Business.ApplicationFacade.RegularRoleController,Line:203] - creating instance of the personnel manager in this new branch
[DEBUG] 27-05-2021 19:05:52 [class: Business.ApplicationFacade.RegularRoleController,Line:208] - successfully created branch
[DEBUG] 27-05-2021 19:05:52 [class: Business.ApplicationFacade.RegularRoleController,Line:202] - enter create branch function
[DEBUG] 27-05-2021 19:05:52 [class: Business.ApplicationFacade.RegularRoleController,Line:203] - creating instance of the personnel manager in this new branch
[DEBUG] 27-05-2021 19:05:52 [class: Business.ApplicationFacade.RegularRoleController,Line:208] - successfully created branch
[DEBUG] 27-05-2021 19:05:52 [class: Business.ApplicationFacade.RegularRoleController,Line:202] - enter create branch function
[DEBUG] 27-05-2021 19:05:52 [class: Business.ApplicationFacade.RegularRoleController,Line:203] - creating instance of the personnel manager in this new branch
[DEBUG] 27-05-2021 19:05:52 [class: Business.ApplicationFacade.RegularRoleController,Line:208] - successfully created branch
[DEBUG] 27-05-2021 19:05:52 [class: Business.ApplicationFacade.RegularRoleController,Line:168] - loading data of branch id: 1
[DEBUG] 27-05-2021 19:05:52 [class: Business.ApplicationFacade.RegularRoleController,Line:46] - entered login function with user id: 1
[DEBUG] 27-05-2021 19:05:52 [class: Business.ApplicationFacade.RegularRoleController,Line:48] - successfully logged in - user fields are updated to +1
[DEBUG] 27-05-2021 19:05:52 [class: Business.ApplicationFacade.ManagerRoleController,Line:51] - enter add employee function
[DEBUG] 27-05-2021 19:05:52 [class: Business.Employees.ShiftPKG.Shift,Line:55] - shift: 1 created
[DEBUG] 27-05-2021 19:05:52 [class: Business.Employees.ShiftPKG.Shift,Line:55] - shift: 2 created
[DEBUG] 27-05-2021 19:05:52 [class: Business.Employees.ShiftPKG.Shift,Line:55] - shift: 3 created
[DEBUG] 27-05-2021 19:05:52 [class: Business.Employees.ShiftPKG.Shift,Line:55] - shift: 4 created
[DEBUG] 27-05-2021 19:05:52 [class: Business.Employees.ShiftPKG.Shift,Line:55] - shift: 5 created
[DEBUG] 27-05-2021 19:05:52 [class: Business.Employees.ShiftPKG.Shift,Line:55] - shift: 6 created
[DEBUG] 27-05-2021 19:05:52 [class: Business.Employees.ShiftPKG.Shift,Line:55] - shift: 7 created
[DEBUG] 27-05-2021 19:05:52 [class: Business.Employees.ShiftPKG.Shift,Line:55] - shift: 8 created
[DEBUG] 27-05-2021 19:05:52 [class: Business.Employees.ShiftPKG.Shift,Line:55] - shift: 9 created
[DEBUG] 27-05-2021 19:05:52 [class: Business.Employees.ShiftPKG.Shift,Line:55] - shift: 10 created
[DEBUG] 27-05-2021 19:05:52 [class: Business.Employees.ShiftPKG.Shift,Line:55] - shift: 11 created
[DEBUG] 27-05-2021 19:05:52 [class: Business.Employees.ShiftPKG.ConstConstraint,Line:27] - Const constraint 1 created
[DEBUG] 27-05-2021 19:05:52 [class: Business.Employees.ShiftPKG.TempConstraint,Line:24] - Temp constraint 2 created
[DEBUG] 27-05-2021 19:05:52 [class: Business.Employees.ShiftPKG.TempConstraint,Line:24] - Temp constraint 3 created
[DEBUG] 27-05-2021 19:05:52 [class: Business.Employees.ShiftPKG.TempConstraint,Line:24] - Temp constraint 4 created
[DEBUG] 27-05-2021 19:05:52 [class: Business.Employees.ShiftPKG.TempConstraint,Line:24] - Temp constraint 5 created
[DEBUG] 27-05-2021 19:05:52 [class: Business.Employees.ShiftPKG.TempConstraint,Line:24] - Temp constraint 6 created
[DEBUG] 27-05-2021 19:05:52 [class: Business.Employees.ShiftPKG.TempConstraint,Line:24] - Temp constraint 7 created
[DEBUG] 27-05-2021 19:05:52 [class: Business.Employees.ShiftPKG.TempConstraint,Line:24] - Temp constraint 8 created
[DEBUG] 27-05-2021 19:05:52 [class: Business.Employees.ShiftPKG.TempConstraint,Line:24] - Temp constraint 9 created
[DEBUG] 27-05-2021 19:05:52 [class: Business.Employees.ShiftPKG.TempConstraint,Line:24] - Temp constraint 10 created
[DEBUG] 27-05-2021 19:05:52 [class: Business.Employees.ShiftPKG.TempConstraint,Line:24] - Temp constraint 11 created
[DEBUG] 27-05-2021 19:05:52 [class: Business.Employees.ShiftPKG.TempConstraint,Line:24] - Temp constraint 12 created
[DEBUG] 27-05-2021 19:05:52 [class: Business.Employees.ShiftPKG.ShiftController,Line:287] - EID: 6 remove from optionals
[DEBUG] 27-05-2021 19:05:52 [class: Business.Employees.ShiftPKG.ShiftController,Line:287] - EID: 12 remove from optionals
[DEBUG] 27-05-2021 19:05:52 [class: Business.Employees.ShiftPKG.ShiftController,Line:287] - EID: 11 remove from optionals
[DEBUG] 27-05-2021 19:05:52 [class: Business.Employees.ShiftPKG.ShiftController,Line:287] - EID: 11 remove from optionals
[DEBUG] 27-05-2021 19:05:52 [class: Business.Employees.ShiftPKG.ShiftController,Line:287] - EID: 12 remove from optionals
[DEBUG] 27-05-2021 19:05:52 [class: Business.Employees.ShiftPKG.ShiftController,Line:287] - EID: 12 remove from optionals
[DEBUG] 27-05-2021 19:05:52 [class: Business.Employees.ShiftPKG.ShiftController,Line:287] - EID: 11 remove from optionals
[DEBUG] 27-05-2021 19:05:52 [class: Business.Employees.ShiftPKG.ShiftController,Line:287] - EID: 11 remove from optionals
[DEBUG] 27-05-2021 19:05:52 [class: Business.Employees.ShiftPKG.ShiftController,Line:287] - EID: 12 remove from optionals
[DEBUG] 27-05-2021 19:05:52 [class: Business.Employees.ShiftPKG.ShiftController,Line:287] - EID: 12 remove from optionals
[DEBUG] 27-05-2021 19:05:52 [class: Business.Employees.ShiftPKG.ShiftController,Line:287] - EID: 11 remove from optionals
[DEBUG] 27-05-2021 19:05:52 [class: Business.Employees.ShiftPKG.ShiftController,Line:287] - EID: 11 remove from optionals
[DEBUG] 27-05-2021 19:05:52 [class: Business.Employees.ShiftPKG.ShiftController,Line:287] - EID: 12 remove from optionals
[DEBUG] 27-05-2021 19:05:52 [class: Business.Employees.ShiftPKG.ShiftController,Line:287] - EID: 12 remove from optionals
[DEBUG] 27-05-2021 19:05:52 [class: Business.Employees.ShiftPKG.ShiftController,Line:287] - EID: 11 remove from optionals
[DEBUG] 27-05-2021 19:05:52 [class: Business.Employees.ShiftPKG.ShiftController,Line:287] - EID: 11 remove from optionals
[DEBUG] 27-05-2021 19:05:52 [class: Business.Employees.ShiftPKG.ShiftController,Line:287] - EID: 12 remove from optionals
[DEBUG] 27-05-2021 19:05:52 [class: Business.Employees.ShiftPKG.ShiftController,Line:287] - EID: 12 remove from optionals
[DEBUG] 27-05-2021 19:05:52 [class: Business.Employees.ShiftPKG.ShiftController,Line:287] - EID: 11 remove from optionals
[DEBUG] 27-05-2021 19:05:52 [class: Business.Employees.ShiftPKG.ShiftController,Line:287] - EID: 11 remove from optionals
[DEBUG] 27-05-2021 19:05:52 [class: Business.Employees.ShiftPKG.ShiftController,Line:287] - EID: 12 remove from optionals
[DEBUG] 27-05-2021 19:05:52 [class: Business.Employees.ShiftPKG.ShiftController,Line:287] - EID: 11 remove from optionals
[DEBUG] 27-05-2021 19:05:52 [class: Business.ApplicationFacade.ManagerRoleController,Line:59] - successfully added new employee EID: 6 to system
[DEBUG] 27-05-2021 19:05:52 [class: Business.ApplicationFacade.ManagerRoleController,Line:51] - enter add employee function
[DEBUG] 27-05-2021 19:05:52 [class: Business.ApplicationFacade.ManagerRoleController,Line:59] - successfully added new employee EID: 7 to system
[DEBUG] 27-05-2021 19:05:52 [class: Business.ApplicationFacade.ManagerRoleController,Line:51] - enter add employee function
[DEBUG] 27-05-2021 19:05:52 [class: Business.ApplicationFacade.ManagerRoleController,Line:59] - successfully added new employee EID: 8 to system
[DEBUG] 27-05-2021 19:05:52 [class: Business.ApplicationFacade.ManagerRoleController,Line:51] - enter add employee function
[DEBUG] 27-05-2021 19:05:52 [class: Business.ApplicationFacade.ManagerRoleController,Line:59] - successfully added new employee EID: 9 to system
[DEBUG] 27-05-2021 19:05:52 [class: Business.ApplicationFacade.ManagerRoleController,Line:51] - enter add employee function
[DEBUG] 27-05-2021 19:05:52 [class: Business.ApplicationFacade.ManagerRoleController,Line:59] - successfully added new employee EID: 10 to system
[DEBUG] 27-05-2021 19:05:52 [class: Business.ApplicationFacade.ManagerRoleController,Line:51] - enter add employee function
[DEBUG] 27-05-2021 19:05:53 [class: Business.ApplicationFacade.ManagerRoleController,Line:59] - successfully added new employee EID: 11 to system
[DEBUG] 27-05-2021 19:05:53 [class: Business.ApplicationFacade.ManagerRoleController,Line:51] - enter add employee function
[DEBUG] 27-05-2021 19:05:53 [class: Business.ApplicationFacade.ManagerRoleController,Line:59] - successfully added new employee EID: 12 to system
[DEBUG] 27-05-2021 19:05:53 [class: Business.ApplicationFacade.ManagerRoleController,Line:237] - entered default shifts function
[DEBUG] 27-05-2021 19:05:53 [class: Business.ApplicationFacade.ManagerRoleController,Line:239] - parsing strings to enum types of map
[DEBUG] 27-05-2021 19:05:53 [class: Business.Employees.ShiftPKG.ShiftController,Line:53] - default shifts defined
[DEBUG] 27-05-2021 19:05:53 [class: Business.ApplicationFacade.RegularRoleController,Line:57] - enter logout function when current connected id is: 1
[DEBUG] 27-05-2021 19:05:53 [class: Business.ApplicationFacade.RegularRoleController,Line:59] - successfully logged out - user fields are updated to -1 and null role
[DEBUG] 27-05-2021 19:05:53 [class: Business.ApplicationFacade.RegularRoleController,Line:168] - loading data of branch id: 2
[DEBUG] 27-05-2021 19:05:53 [class: Business.ApplicationFacade.RegularRoleController,Line:46] - entered login function with user id: 2
[DEBUG] 27-05-2021 19:05:53 [class: Business.ApplicationFacade.RegularRoleController,Line:48] - successfully logged in - user fields are updated to +2
[DEBUG] 27-05-2021 19:05:53 [class: Business.ApplicationFacade.ManagerRoleController,Line:51] - enter add employee function
[DEBUG] 27-05-2021 19:05:53 [class: Business.ApplicationFacade.ManagerRoleController,Line:59] - successfully added new employee EID: 13 to system
[DEBUG] 27-05-2021 19:05:53 [class: Business.ApplicationFacade.ManagerRoleController,Line:51] - enter add employee function
[DEBUG] 27-05-2021 19:05:53 [class: Business.ApplicationFacade.ManagerRoleController,Line:59] - successfully added new employee EID: 14 to system
[DEBUG] 27-05-2021 19:05:53 [class: Business.ApplicationFacade.ManagerRoleController,Line:51] - enter add employee function
[DEBUG] 27-05-2021 19:05:53 [class: Business.ApplicationFacade.ManagerRoleController,Line:59] - successfully added new employee EID: 15 to system
[DEBUG] 27-05-2021 19:05:53 [class: Business.ApplicationFacade.ManagerRoleController,Line:51] - enter add employee function
[DEBUG] 27-05-2021 19:05:53 [class: Business.ApplicationFacade.ManagerRoleController,Line:59] - successfully added new employee EID: 16 to system
[DEBUG] 27-05-2021 19:05:53 [class: Business.ApplicationFacade.ManagerRoleController,Line:51] - enter add employee function
[DEBUG] 27-05-2021 19:05:53 [class: Business.ApplicationFacade.ManagerRoleController,Line:59] - successfully added new employee EID: 17 to system
[DEBUG] 27-05-2021 19:05:53 [class: Business.ApplicationFacade.ManagerRoleController,Line:51] - enter add employee function
[DEBUG] 27-05-2021 19:05:53 [class: Business.ApplicationFacade.ManagerRoleController,Line:59] - successfully added new employee EID: 18 to system
[DEBUG] 27-05-2021 19:05:53 [class: Business.ApplicationFacade.ManagerRoleController,Line:51] - enter add employee function
[DEBUG] 27-05-2021 19:05:53 [class: Business.ApplicationFacade.ManagerRoleController,Line:59] - successfully added new employee EID: 19 to system
[DEBUG] 27-05-2021 19:05:53 [class: Business.ApplicationFacade.ManagerRoleController,Line:237] - entered default shifts function
[DEBUG] 27-05-2021 19:05:53 [class: Business.ApplicationFacade.ManagerRoleController,Line:239] - parsing strings to enum types of map
[DEBUG] 27-05-2021 19:05:53 [class: Business.Employees.ShiftPKG.ShiftController,Line:53] - default shifts defined
[DEBUG] 27-05-2021 19:05:53 [class: Business.ApplicationFacade.RegularRoleController,Line:57] - enter logout function when current connected id is: 2
[DEBUG] 27-05-2021 19:05:53 [class: Business.ApplicationFacade.RegularRoleController,Line:59] - successfully logged out - user fields are updated to -1 and null role
[DEBUG] 27-05-2021 19:05:53 [class: Business.ApplicationFacade.RegularRoleController,Line:168] - loading data of branch id: 3
[DEBUG] 27-05-2021 19:05:53 [class: Business.ApplicationFacade.RegularRoleController,Line:46] - entered login function with user id: 3
[DEBUG] 27-05-2021 19:05:53 [class: Business.ApplicationFacade.RegularRoleController,Line:48] - successfully logged in - user fields are updated to +3
[DEBUG] 27-05-2021 19:05:53 [class: Business.ApplicationFacade.ManagerRoleController,Line:51] - enter add employee function
[DEBUG] 27-05-2021 19:05:53 [class: Business.ApplicationFacade.ManagerRoleController,Line:59] - successfully added new employee EID: 20 to system
[DEBUG] 27-05-2021 19:05:53 [class: Business.ApplicationFacade.ManagerRoleController,Line:51] - enter add employee function
[DEBUG] 27-05-2021 19:05:53 [class: Business.ApplicationFacade.ManagerRoleController,Line:59] - successfully added new employee EID: 21 to system
[DEBUG] 27-05-2021 19:05:53 [class: Business.ApplicationFacade.ManagerRoleController,Line:51] - enter add employee function
[DEBUG] 27-05-2021 19:05:53 [class: Business.ApplicationFacade.ManagerRoleController,Line:59] - successfully added new employee EID: 22 to system
[DEBUG] 27-05-2021 19:05:53 [class: Business.ApplicationFacade.ManagerRoleController,Line:51] - enter add employee function
[DEBUG] 27-05-2021 19:05:53 [class: Business.ApplicationFacade.ManagerRoleController,Line:59] - successfully added new employee EID: 23 to system
[DEBUG] 27-05-2021 19:05:53 [class: Business.ApplicationFacade.ManagerRoleController,Line:51] - enter add employee function
[DEBUG] 27-05-2021 19:05:53 [class: Business.ApplicationFacade.ManagerRoleController,Line:59] - successfully added new employee EID: 24 to system
[DEBUG] 27-05-2021 19:05:53 [class: Business.ApplicationFacade.ManagerRoleController,Line:51] - enter add employee function
[DEBUG] 27-05-2021 19:05:53 [class: Business.ApplicationFacade.ManagerRoleController,Line:59] - successfully added new employee EID: 25 to system
[DEBUG] 27-05-2021 19:05:53 [class: Business.ApplicationFacade.ManagerRoleController,Line:51] - enter add employee function
[DEBUG] 27-05-2021 19:05:53 [class: Business.ApplicationFacade.ManagerRoleController,Line:59] - successfully added new employee EID: 26 to system
[DEBUG] 27-05-2021 19:05:53 [class: Business.ApplicationFacade.ManagerRoleController,Line:237] - entered default shifts function
[DEBUG] 27-05-2021 19:05:53 [class: Business.ApplicationFacade.ManagerRoleController,Line:239] - parsing strings to enum types of map
[DEBUG] 27-05-2021 19:05:53 [class: Business.Employees.ShiftPKG.ShiftController,Line:53] - default shifts defined
[DEBUG] 27-05-2021 19:05:53 [class: Business.ApplicationFacade.RegularRoleController,Line:57] - enter logout function when current connected id is: 3
[DEBUG] 27-05-2021 19:05:53 [class: Business.ApplicationFacade.RegularRoleController,Line:59] - successfully logged out - user fields are updated to -1 and null role
[DEBUG] 27-05-2021 19:05:53 [class: Business.ApplicationFacade.RegularRoleController,Line:168] - loading data of branch id: 1
[DEBUG] 27-05-2021 19:05:53 [class: Business.ApplicationFacade.RegularRoleController,Line:46] - entered login function with user id: 6
[DEBUG] 27-05-2021 19:05:53 [class: Business.ApplicationFacade.RegularRoleController,Line:48] - successfully logged in - user fields are updated to +6
[DEBUG] 27-05-2021 19:05:53 [class: Business.ApplicationFacade.RegularRoleController,Line:71] - enter add const constraint function
[DEBUG] 27-05-2021 19:05:53 [class: Business.Employees.ShiftPKG.ConstConstraint,Line:20] - Const constraint 13 created
[DEBUG] 27-05-2021 19:05:53 [class: Business.Employees.ShiftPKG.ShiftController,Line:35] - added new const constraint for EID: 6, Day: SUNDAY , ShiftType: Night
[DEBUG] 27-05-2021 19:05:53 [class: Business.ApplicationFacade.RegularRoleController,Line:73] - successfully added const constraint
[DEBUG] 27-05-2021 19:05:53 [class: Business.ApplicationFacade.RegularRoleController,Line:57] - enter logout function when current connected id is: 6
[DEBUG] 27-05-2021 19:05:53 [class: Business.ApplicationFacade.RegularRoleController,Line:59] - successfully logged out - user fields are updated to -1 and null role
[DEBUG] 27-05-2021 19:05:53 [class: Business.ApplicationFacade.RegularRoleController,Line:46] - entered login function with user id: 1
[DEBUG] 27-05-2021 19:05:53 [class: Business.ApplicationFacade.RegularRoleController,Line:48] - successfully logged in - user fields are updated to +1
[DEBUG] 27-05-2021 19:05:53 [class: Business.ApplicationFacade.RegularRoleController,Line:168] - loading data of branch id: 1
[DEBUG] 27-05-2021 19:05:53 [class: Business.ApplicationFacade.ManagerRoleController,Line:258] - entered create week shift function
[DEBUG] 27-05-2021 19:05:53 [class: Business.Employees.ShiftPKG.Shift,Line:55] - shift: 2 created
[DEBUG] 27-05-2021 19:05:53 [class: Business.Employees.ShiftPKG.ShiftController,Line:287] - EID: 11 remove from optionals
[DEBUG] 27-05-2021 19:05:53 [class: Business.Employees.ShiftPKG.ShiftController,Line:287] - EID: 12 remove from optionals
[DEBUG] 27-05-2021 19:05:53 [class: Business.Employees.ShiftPKG.Shift,Line:55] - shift: 1 created
[DEBUG] 27-05-2021 19:05:53 [class: Business.Employees.ShiftPKG.ShiftController,Line:287] - EID: 6 remove from optionals
[DEBUG] 27-05-2021 19:05:53 [class: Business.Employees.ShiftPKG.ShiftController,Line:287] - EID: 12 remove from optionals
[DEBUG] 27-05-2021 19:05:53 [class: Business.Employees.ShiftPKG.ShiftController,Line:287] - EID: 6 remove from optionals
[DEBUG] 27-05-2021 19:05:53 [class: Business.Employees.ShiftPKG.ShiftController,Line:287] - EID: 11 remove from optionals
[DEBUG] 27-05-2021 19:05:53 [class: Business.Employees.ShiftPKG.Shift,Line:55] - shift: 4 created
[DEBUG] 27-05-2021 19:05:53 [class: Business.Employees.ShiftPKG.ShiftController,Line:287] - EID: 11 remove from optionals
[DEBUG] 27-05-2021 19:05:53 [class: Business.Employees.ShiftPKG.ShiftController,Line:287] - EID: 12 remove from optionals
[DEBUG] 27-05-2021 19:05:53 [class: Business.Employees.ShiftPKG.Shift,Line:55] - shift: 3 created
[DEBUG] 27-05-2021 19:05:53 [class: Business.Employees.ShiftPKG.ShiftController,Line:287] - EID: 12 remove from optionals
[DEBUG] 27-05-2021 19:05:53 [class: Business.Employees.ShiftPKG.ShiftController,Line:287] - EID: 11 remove from optionals
[DEBUG] 27-05-2021 19:05:53 [class: Business.Employees.ShiftPKG.Shift,Line:55] - shift: 6 created
[DEBUG] 27-05-2021 19:05:53 [class: Business.Employees.ShiftPKG.ShiftController,Line:287] - EID: 11 remove from optionals
[DEBUG] 27-05-2021 19:05:53 [class: Business.Employees.ShiftPKG.ShiftController,Line:287] - EID: 12 remove from optionals
[DEBUG] 27-05-2021 19:05:53 [class: Business.Employees.ShiftPKG.Shift,Line:55] - shift: 5 created
[DEBUG] 27-05-2021 19:05:53 [class: Business.Employees.ShiftPKG.ShiftController,Line:287] - EID: 12 remove from optionals
[DEBUG] 27-05-2021 19:05:53 [class: Business.Employees.ShiftPKG.ShiftController,Line:287] - EID: 11 remove from optionals
[DEBUG] 27-05-2021 19:05:53 [class: Business.Employees.ShiftPKG.Shift,Line:55] - shift: 8 created
[DEBUG] 27-05-2021 19:05:53 [class: Business.Employees.ShiftPKG.ShiftController,Line:287] - EID: 11 remove from optionals
[DEBUG] 27-05-2021 19:05:53 [class: Business.Employees.ShiftPKG.ShiftController,Line:287] - EID: 12 remove from optionals
[DEBUG] 27-05-2021 19:05:53 [class: Business.Employees.ShiftPKG.Shift,Line:55] - shift: 7 created
[DEBUG] 27-05-2021 19:05:53 [class: Business.Employees.ShiftPKG.ShiftController,Line:287] - EID: 12 remove from optionals
[DEBUG] 27-05-2021 19:05:53 [class: Business.Employees.ShiftPKG.ShiftController,Line:287] - EID: 11 remove from optionals
[DEBUG] 27-05-2021 19:05:53 [class: Business.Employees.ShiftPKG.Shift,Line:55] - shift: 10 created
[DEBUG] 27-05-2021 19:05:53 [class: Business.Employees.ShiftPKG.ShiftController,Line:287] - EID: 11 remove from optionals
[DEBUG] 27-05-2021 19:05:53 [class: Business.Employees.ShiftPKG.ShiftController,Line:287] - EID: 12 remove from optionals
[DEBUG] 27-05-2021 19:05:53 [class: Business.Employees.ShiftPKG.Shift,Line:55] - shift: 9 created
[DEBUG] 27-05-2021 19:05:53 [class: Business.Employees.ShiftPKG.ShiftController,Line:287] - EID: 12 remove from optionals
[DEBUG] 27-05-2021 19:05:53 [class: Business.Employees.ShiftPKG.ShiftController,Line:287] - EID: 11 remove from optionals
[DEBUG] 27-05-2021 19:05:53 [class: Business.Employees.ShiftPKG.Shift,Line:41] - shift: 12 created
[DEBUG] 27-05-2021 19:05:53 [class: Business.Employees.ShiftPKG.TempConstraint,Line:17] - Temp constraint 14 created
[DEBUG] 27-05-2021 19:05:53 [class: Business.ApplicationFacade.Utils,Line:84] - converting shift of business layer to out objects list
[DEBUG] 27-05-2021 19:05:53 [class: Business.ApplicationFacade.Utils,Line:101] - Done.
[DEBUG] 27-05-2021 19:05:53 [class: Business.ApplicationFacade.RegularRoleController,Line:57] - enter logout function when current connected id is: 1
[DEBUG] 27-05-2021 19:05:53 [class: Business.ApplicationFacade.RegularRoleController,Line:59] - successfully logged out - user fields are updated to -1 and null role
[DEBUG] 27-05-2021 19:05:53 [class: Business.ApplicationFacade.ManagerRoleController,Line:51] - enter add employee function
[DEBUG] 27-05-2021 19:05:53 [class: Business.Employees.ShiftPKG.Shift,Line:55] - shift: 11 created
[DEBUG] 27-05-2021 19:05:53 [class: Business.Employees.ShiftPKG.ShiftController,Line:287] - EID: 11 remove from optionals
[DEBUG] 27-05-2021 19:05:53 [class: Business.ApplicationFacade.ManagerRoleController,Line:51] - enter add employee function
[DEBUG] 27-05-2021 19:05:56 [class: Business.ApplicationFacade.RegularRoleController,Line:168] - loading data of branch id: 1
[DEBUG] 27-05-2021 19:05:57 [class: Business.ApplicationFacade.RegularRoleController,Line:46] - entered login function with user id: 1
[DEBUG] 27-05-2021 19:05:57 [class: Business.ApplicationFacade.RegularRoleController,Line:48] - successfully logged in - user fields are updated to +1
[DEBUG] 27-05-2021 19:07:30 [class: Business.ApplicationFacade.ManagerRoleController,Line:418] - loading data of branch id: 1
[DEBUG] 27-05-2021 19:08:26 [class: Business.ApplicationFacade.ManagerRoleController,Line:418] - loading data of branch id: 1
[DEBUG] 27-05-2021 19:08:26 [class: Business.Employees.ShiftPKG.Shift,Line:153] - EID: 100 remove from optionals
[DEBUG] 27-05-2021 19:08:26 [class: Business.Employees.ShiftPKG.Shift,Line:106] - EID: 100added to SID: 1
[DEBUG] 27-05-2021 19:08:26 [class: Business.Employees.ShiftPKG.Shift,Line:153] - EID: 9 remove from optionals
[DEBUG] 27-05-2021 19:08:26 [class: Business.Employees.ShiftPKG.Shift,Line:106] - EID: 9added to SID: 1
